[debug] [2023-11-14T15:20:50.392Z] ----------------------------------------------------------------------
[debug] [2023-11-14T15:20:50.395Z] Command:       C:\Program Files\nodejs\node.exe C:\Users\mo3tz\AppData\Roaming\npm\node_modules\firebase-tools\lib\bin\firebase.js init
[debug] [2023-11-14T15:20:50.395Z] CLI Version:   12.8.1
[debug] [2023-11-14T15:20:50.395Z] Platform:      win32
[debug] [2023-11-14T15:20:50.395Z] Node Version:  v20.9.0
[debug] [2023-11-14T15:20:50.395Z] Time:          Tue Nov 14 2023 17:20:50 GMT+0200 (Eastern European Standard Time)
[debug] [2023-11-14T15:20:50.395Z] ----------------------------------------------------------------------
[debug] 
[debug] [2023-11-14T15:20:50.400Z] > command requires scopes: ["email","openid","https://www.googleapis.com/auth/cloudplatformprojects.readonly","https://www.googleapis.com/auth/firebase","https://www.googleapis.com/auth/cloud-platform"]
[debug] [2023-11-14T15:20:50.400Z] > authorizing via signed-in user (20196032@stud.fci-cu.edu.eg)
[info] 
     ######## #### ########  ######## ########     ###     ######  ########
     ##        ##  ##     ## ##       ##     ##  ##   ##  ##       ##
     ######    ##  ########  ######   ########  #########  ######  ######
     ##        ##  ##    ##  ##       ##     ## ##     ##       ## ##
     ##       #### ##     ## ######## ########  ##     ##  ######  ########

You're about to initialize a Firebase project in this directory:

  C:\Users\mo3tz\AndroidStudioProjects\Client

[info] 
=== Project Setup
[info] 
[info] First, let's associate this project directory with a Firebase project.
[info] You can create multiple project aliases by running firebase use --add, 
[info] but for now we'll just set up a default project.
[info] 
[debug] [2023-11-14T15:20:59.263Z] >>> [apiv2][query] GET https://firebase.googleapis.com/v1beta1/projects pageSize=100
[debug] [2023-11-14T15:21:00.452Z] <<< [apiv2][status] GET https://firebase.googleapis.com/v1beta1/projects 200
[debug] [2023-11-14T15:21:00.452Z] <<< [apiv2][body] GET https://firebase.googleapis.com/v1beta1/projects [omitted]
[info] i  Using project enhanced-digit-337913 (My First Project) 
[info] 
=== Database Setup
[info] i  database: ensuring required API firebasedatabase.googleapis.com is enabled... 
[debug] [2023-11-14T15:21:01.505Z] >>> [apiv2][query] GET https://serviceusage.googleapis.com/v1/projects/enhanced-digit-337913/services/firebasedatabase.googleapis.com [none]
[debug] [2023-11-14T15:21:01.505Z] >>> [apiv2][(partial)header] GET https://serviceusage.googleapis.com/v1/projects/enhanced-digit-337913/services/firebasedatabase.googleapis.com x-goog-quota-user=projects/enhanced-digit-337913
[debug] [2023-11-14T15:21:02.579Z] <<< [apiv2][status] GET https://serviceusage.googleapis.com/v1/projects/enhanced-digit-337913/services/firebasedatabase.googleapis.com 200
[debug] [2023-11-14T15:21:02.579Z] <<< [apiv2][body] GET https://serviceusage.googleapis.com/v1/projects/enhanced-digit-337913/services/firebasedatabase.googleapis.com [omitted]
[info] +  database: required API firebasedatabase.googleapis.com is enabled 
[info] 
[debug] [2023-11-14T15:21:02.580Z] >>> [apiv2][query] GET https://firebasedatabase.googleapis.com/v1beta/projects/enhanced-digit-337913/locations/-/instances/enhanced-digit-337913-default-rtdb [none]
[debug] [2023-11-14T15:21:03.624Z] <<< [apiv2][status] GET https://firebasedatabase.googleapis.com/v1beta/projects/enhanced-digit-337913/locations/-/instances/enhanced-digit-337913-default-rtdb 200
[debug] [2023-11-14T15:21:03.625Z] <<< [apiv2][body] GET https://firebasedatabase.googleapis.com/v1beta/projects/enhanced-digit-337913/locations/-/instances/enhanced-digit-337913-default-rtdb {"name":"projects/927992456581/locations/europe-west1/instances/enhanced-digit-337913-default-rtdb","project":"projects/927992456581","databaseUrl":"https://enhanced-digit-337913-default-rtdb.europe-west1.firebasedatabase.app","type":"DEFAULT_DATABASE","state":"ACTIVE"}
[info] 
[info] Firebase Realtime Database Security Rules allow you to define how your data should be
[info] structured and when your data can be read from and written to.
[info] 
[debug] [2023-11-14T15:21:09.027Z] >>> [apiv2][query] GET https://enhanced-digit-337913-default-rtdb.europe-west1.firebasedatabase.app/.settings/rules.json [none]
[debug] [2023-11-14T15:21:09.356Z] <<< [apiv2][status] GET https://enhanced-digit-337913-default-rtdb.europe-west1.firebasedatabase.app/.settings/rules.json 200
[debug] [2023-11-14T15:21:09.356Z] <<< [apiv2][body] GET https://enhanced-digit-337913-default-rtdb.europe-west1.firebasedatabase.app/.settings/rules.json [stream]
[info] +  Database Rules for enhanced-digit-337913-default-rtdb have been written to database.rules.json. 
[info] Future modifications to database.rules.json will update Realtime Database Security Rules when you run
[info] firebase deploy.
[info] 
=== Firestore Setup
[debug] [2023-11-14T15:21:09.366Z] >>> [apiv2][query] GET https://serviceusage.googleapis.com/v1/projects/enhanced-digit-337913/services/firestore.googleapis.com [none]
[debug] [2023-11-14T15:21:09.367Z] >>> [apiv2][(partial)header] GET https://serviceusage.googleapis.com/v1/projects/enhanced-digit-337913/services/firestore.googleapis.com x-goog-quota-user=projects/enhanced-digit-337913
[debug] [2023-11-14T15:21:10.459Z] <<< [apiv2][status] GET https://serviceusage.googleapis.com/v1/projects/enhanced-digit-337913/services/firestore.googleapis.com 200
[debug] [2023-11-14T15:21:10.459Z] <<< [apiv2][body] GET https://serviceusage.googleapis.com/v1/projects/enhanced-digit-337913/services/firestore.googleapis.com [omitted]
[debug] [2023-11-14T15:21:10.460Z] >>> [apiv2][query] GET https://firestore.googleapis.com/v1/projects/enhanced-digit-337913/databases/(default) [none]
[debug] [2023-11-14T15:21:10.943Z] <<< [apiv2][status] GET https://firestore.googleapis.com/v1/projects/enhanced-digit-337913/databases/(default) 200
[debug] [2023-11-14T15:21:10.943Z] <<< [apiv2][body] GET https://firestore.googleapis.com/v1/projects/enhanced-digit-337913/databases/(default) {"name":"projects/enhanced-digit-337913/databases/(default)","uid":"2f3abb38-a2dc-4fb7-9765-f379414928d2","createTime":"2023-11-14T15:21:22.522038Z","updateTime":"2023-11-14T15:21:22.522038Z","locationId":"eur3","type":"FIRESTORE_NATIVE","concurrencyMode":"PESSIMISTIC","versionRetentionPeriod":"3600s","earliestVersionTime":"2023-11-14T15:21:22.522038Z","appEngineIntegrationMode":"DISABLED","keyPrefix":"e","pointInTimeRecoveryEnablement":"POINT_IN_TIME_RECOVERY_DISABLED","deleteProtectionState":"DELETE_PROTECTION_DISABLED","etag":"IOSEkdnlw4IDMLbv3bblw4ID"}
[debug] [2023-11-14T15:21:10.944Z] database_type: FIRESTORE_NATIVE
[debug] [2023-11-14T15:21:10.944Z] > command requires scopes: ["email","openid","https://www.googleapis.com/auth/cloudplatformprojects.readonly","https://www.googleapis.com/auth/firebase","https://www.googleapis.com/auth/cloud-platform"]
[debug] [2023-11-14T15:21:10.944Z] > authorizing via signed-in user (20196032@stud.fci-cu.edu.eg)
[debug] [2023-11-14T15:21:10.944Z] [iam] checking project enhanced-digit-337913 for permissions ["firebase.projects.get"]
[debug] [2023-11-14T15:21:10.944Z] >>> [apiv2][query] POST https://cloudresourcemanager.googleapis.com/v1/projects/enhanced-digit-337913:testIamPermissions [none]
[debug] [2023-11-14T15:21:10.944Z] >>> [apiv2][(partial)header] POST https://cloudresourcemanager.googleapis.com/v1/projects/enhanced-digit-337913:testIamPermissions x-goog-quota-user=projects/enhanced-digit-337913
[debug] [2023-11-14T15:21:10.944Z] >>> [apiv2][body] POST https://cloudresourcemanager.googleapis.com/v1/projects/enhanced-digit-337913:testIamPermissions {"permissions":["firebase.projects.get"]}
[debug] [2023-11-14T15:21:11.964Z] <<< [apiv2][status] POST https://cloudresourcemanager.googleapis.com/v1/projects/enhanced-digit-337913:testIamPermissions 200
[debug] [2023-11-14T15:21:11.964Z] <<< [apiv2][body] POST https://cloudresourcemanager.googleapis.com/v1/projects/enhanced-digit-337913:testIamPermissions {"permissions":["firebase.projects.get"]}
[info] 
[info] Firestore Security Rules allow you to define how and when to allow
[info] requests. You can keep these rules in your project directory
[info] and publish them with firebase deploy.
[info] 
[debug] [2023-11-14T15:21:17.353Z] >>> [apiv2][query] GET https://firebaserules.googleapis.com/v1/projects/enhanced-digit-337913/releases pageSize=10&pageToken=
[debug] [2023-11-14T15:21:18.686Z] <<< [apiv2][status] GET https://firebaserules.googleapis.com/v1/projects/enhanced-digit-337913/releases 200
[debug] [2023-11-14T15:21:18.687Z] <<< [apiv2][body] GET https://firebaserules.googleapis.com/v1/projects/enhanced-digit-337913/releases {"releases":[{"name":"projects/enhanced-digit-337913/releases/cloud.firestore","rulesetName":"projects/enhanced-digit-337913/rulesets/fa22e195-05b9-4415-94ac-1443299e54a8","createTime":"2023-11-14T15:21:30.328006Z","updateTime":"2023-11-14T15:21:30.328006Z"}]}
[debug] [2023-11-14T15:21:18.687Z] Found ruleset: projects/enhanced-digit-337913/rulesets/fa22e195-05b9-4415-94ac-1443299e54a8
[debug] [2023-11-14T15:21:18.687Z] >>> [apiv2][query] GET https://firebaserules.googleapis.com/v1/projects/enhanced-digit-337913/rulesets/fa22e195-05b9-4415-94ac-1443299e54a8 [none]
[debug] [2023-11-14T15:21:19.644Z] <<< [apiv2][status] GET https://firebaserules.googleapis.com/v1/projects/enhanced-digit-337913/rulesets/fa22e195-05b9-4415-94ac-1443299e54a8 200
[debug] [2023-11-14T15:21:19.645Z] <<< [apiv2][body] GET https://firebaserules.googleapis.com/v1/projects/enhanced-digit-337913/rulesets/fa22e195-05b9-4415-94ac-1443299e54a8 [omitted]
[info] 
[info] Firestore indexes allow you to perform complex queries while
[info] maintaining performance that scales with the size of the result
[info] set. You can keep index definitions in your project directory
[info] and publish them with firebase deploy.
[info] 
[debug] [2023-11-14T15:21:23.410Z] >>> [apiv2][query] GET https://firestore.googleapis.com/v1/projects/enhanced-digit-337913/databases/(default)/collectionGroups/-/indexes [none]
[debug] [2023-11-14T15:21:23.413Z] >>> [apiv2][query] GET https://firestore.googleapis.com/v1/projects/enhanced-digit-337913/databases/(default)/collectionGroups/-/fields?filter=indexConfig.usesAncestorConfig=false OR ttlConfig:* [none]
[debug] [2023-11-14T15:21:23.863Z] <<< [apiv2][status] GET https://firestore.googleapis.com/v1/projects/enhanced-digit-337913/databases/(default)/collectionGroups/-/indexes 200
[debug] [2023-11-14T15:21:23.863Z] <<< [apiv2][body] GET https://firestore.googleapis.com/v1/projects/enhanced-digit-337913/databases/(default)/collectionGroups/-/indexes {}
[debug] [2023-11-14T15:21:24.076Z] <<< [apiv2][status] GET https://firestore.googleapis.com/v1/projects/enhanced-digit-337913/databases/(default)/collectionGroups/-/fields?filter=indexConfig.usesAncestorConfig=false OR ttlConfig:* 200
[debug] [2023-11-14T15:21:24.076Z] <<< [apiv2][body] GET https://firestore.googleapis.com/v1/projects/enhanced-digit-337913/databases/(default)/collectionGroups/-/fields?filter=indexConfig.usesAncestorConfig=false OR ttlConfig:* {"fields":[{"name":"projects/enhanced-digit-337913/databases/(default)/collectionGroups/__default__/fields/*","indexConfig":{"indexes":[{"queryScope":"COLLECTION","fields":[{"fieldPath":"*","order":"ASCENDING"}],"state":"READY"},{"queryScope":"COLLECTION","fields":[{"fieldPath":"*","order":"DESCENDING"}],"state":"READY"},{"queryScope":"COLLECTION","fields":[{"fieldPath":"*","arrayConfig":"CONTAINS"}],"state":"READY"}]}}]}
[info] 
=== Functions Setup
[debug] [2023-11-14T15:21:24.078Z] > command requires scopes: ["email","openid","https://www.googleapis.com/auth/cloudplatformprojects.readonly","https://www.googleapis.com/auth/firebase","https://www.googleapis.com/auth/cloud-platform"]
[debug] [2023-11-14T15:21:24.078Z] > authorizing via signed-in user (20196032@stud.fci-cu.edu.eg)
[debug] [2023-11-14T15:21:24.078Z] [iam] checking project enhanced-digit-337913 for permissions ["firebase.projects.get"]
[debug] [2023-11-14T15:21:24.078Z] >>> [apiv2][query] POST https://cloudresourcemanager.googleapis.com/v1/projects/enhanced-digit-337913:testIamPermissions [none]
[debug] [2023-11-14T15:21:24.078Z] >>> [apiv2][(partial)header] POST https://cloudresourcemanager.googleapis.com/v1/projects/enhanced-digit-337913:testIamPermissions x-goog-quota-user=projects/enhanced-digit-337913
[debug] [2023-11-14T15:21:24.078Z] >>> [apiv2][body] POST https://cloudresourcemanager.googleapis.com/v1/projects/enhanced-digit-337913:testIamPermissions {"permissions":["firebase.projects.get"]}
[debug] [2023-11-14T15:21:24.965Z] <<< [apiv2][status] POST https://cloudresourcemanager.googleapis.com/v1/projects/enhanced-digit-337913:testIamPermissions 200
[debug] [2023-11-14T15:21:24.966Z] <<< [apiv2][body] POST https://cloudresourcemanager.googleapis.com/v1/projects/enhanced-digit-337913:testIamPermissions {"permissions":["firebase.projects.get"]}
[debug] [2023-11-14T15:21:24.966Z] >>> [apiv2][query] GET https://serviceusage.googleapis.com/v1/projects/enhanced-digit-337913/services/cloudfunctions.googleapis.com [none]
[debug] [2023-11-14T15:21:24.966Z] >>> [apiv2][(partial)header] GET https://serviceusage.googleapis.com/v1/projects/enhanced-digit-337913/services/cloudfunctions.googleapis.com x-goog-quota-user=projects/enhanced-digit-337913
[debug] [2023-11-14T15:21:24.968Z] >>> [apiv2][query] GET https://serviceusage.googleapis.com/v1/projects/enhanced-digit-337913/services/runtimeconfig.googleapis.com [none]
[debug] [2023-11-14T15:21:24.968Z] >>> [apiv2][(partial)header] GET https://serviceusage.googleapis.com/v1/projects/enhanced-digit-337913/services/runtimeconfig.googleapis.com x-goog-quota-user=projects/enhanced-digit-337913
[debug] [2023-11-14T15:21:26.030Z] <<< [apiv2][status] GET https://serviceusage.googleapis.com/v1/projects/enhanced-digit-337913/services/runtimeconfig.googleapis.com 200
[debug] [2023-11-14T15:21:26.031Z] <<< [apiv2][body] GET https://serviceusage.googleapis.com/v1/projects/enhanced-digit-337913/services/runtimeconfig.googleapis.com [omitted]
[debug] [2023-11-14T15:21:26.038Z] <<< [apiv2][status] GET https://serviceusage.googleapis.com/v1/projects/enhanced-digit-337913/services/cloudfunctions.googleapis.com 200
[debug] [2023-11-14T15:21:26.039Z] <<< [apiv2][body] GET https://serviceusage.googleapis.com/v1/projects/enhanced-digit-337913/services/cloudfunctions.googleapis.com [omitted]
[debug] [2023-11-14T15:21:26.040Z] >>> [apiv2][query] POST https://serviceusage.googleapis.com/v1/projects/enhanced-digit-337913/services/cloudfunctions.googleapis.com:enable [none]
[debug] [2023-11-14T15:21:26.040Z] >>> [apiv2][(partial)header] POST https://serviceusage.googleapis.com/v1/projects/enhanced-digit-337913/services/cloudfunctions.googleapis.com:enable x-goog-quota-user=projects/enhanced-digit-337913
[debug] [2023-11-14T15:21:27.576Z] <<< [apiv2][status] POST https://serviceusage.googleapis.com/v1/projects/enhanced-digit-337913/services/cloudfunctions.googleapis.com:enable 200
[debug] [2023-11-14T15:21:27.576Z] <<< [apiv2][body] POST https://serviceusage.googleapis.com/v1/projects/enhanced-digit-337913/services/cloudfunctions.googleapis.com:enable [omitted]
[debug] [2023-11-14T15:21:37.583Z] >>> [apiv2][query] GET https://serviceusage.googleapis.com/v1/projects/enhanced-digit-337913/services/cloudfunctions.googleapis.com [none]
[debug] [2023-11-14T15:21:37.583Z] >>> [apiv2][(partial)header] GET https://serviceusage.googleapis.com/v1/projects/enhanced-digit-337913/services/cloudfunctions.googleapis.com x-goog-quota-user=projects/enhanced-digit-337913
[debug] [2023-11-14T15:21:38.846Z] <<< [apiv2][status] GET https://serviceusage.googleapis.com/v1/projects/enhanced-digit-337913/services/cloudfunctions.googleapis.com 200
[debug] [2023-11-14T15:21:38.846Z] <<< [apiv2][body] GET https://serviceusage.googleapis.com/v1/projects/enhanced-digit-337913/services/cloudfunctions.googleapis.com [omitted]
[info] Let's create a new codebase for your functions.
[info] A directory corresponding to the codebase will be created in your project
[info] with sample code pre-configured.

[info] See https://firebase.google.com/docs/functions/organize-functions for
[info] more information on organizing your functions using codebases.

[info] Functions can be deployed with firebase deploy.

[info] +  Wrote functions/package.json 
[info] +  Wrote functions/index.js 
[info] +  Wrote functions/.gitignore 
[info] 
=== Hosting Setup
[info] 
[info] Your public directory is the folder (relative to your project directory) that
[info] will contain Hosting assets to be uploaded with firebase deploy. If you
[info] have a build process for your assets, use your build's output directory.
[info] 
[info] +  Wrote public/404.html 
[debug] [2023-11-14T15:26:09.569Z] >>> [apiv2][query] GET https://www.gstatic.com/firebasejs/releases.json [none]
[debug] [2023-11-14T15:26:09.933Z] <<< [apiv2][status] GET https://www.gstatic.com/firebasejs/releases.json 200
[debug] [2023-11-14T15:26:09.934Z] <<< [apiv2][body] GET https://www.gstatic.com/firebasejs/releases.json {"current":{"version":"10.6.0","browserURL":"https://www.gstatic.com/firebasejs/10.6.0/firebase.js","packageURL":"https://www.gstatic.com/firebasejs/10.6.0/firebase.tgz"},"live":{"version":"10.6","browserURL":"https://www.gstatic.com/firebasejs/live/10.6/firebase.js","packageURL":"https://www.gstatic.com/firebasejs/live/10.6/firebase.tgz"},"components":{"analytics":"https://www.gstatic.com/firebasejs/10.6.0/firebase-analytics.js","app":"https://www.gstatic.com/firebasejs/10.6.0/firebase-app.js","app-check":"https://www.gstatic.com/firebasejs/10.6.0/firebase-app-check.js","auth":"https://www.gstatic.com/firebasejs/10.6.0/firebase-auth.js","auth/cordova":"https://www.gstatic.com/firebasejs/10.6.0/firebase-auth/cordova.js","functions":"https://www.gstatic.com/firebasejs/10.6.0/firebase-functions.js","firestore":"https://www.gstatic.com/firebasejs/10.6.0/firebase-firestore.js","firestore/lite":"https://www.gstatic.com/firebasejs/10.6.0/firebase-firestore/lite.js","installations":"https://www.gstatic.com/firebasejs/10.6.0/firebase-installations.js","storage":"https://www.gstatic.com/firebasejs/10.6.0/firebase-storage.js","performance":"https://www.gstatic.com/firebasejs/10.6.0/firebase-performance.js","remote-config":"https://www.gstatic.com/firebasejs/10.6.0/firebase-remote-config.js","messaging":"https://www.gstatic.com/firebasejs/10.6.0/firebase-messaging.js","messaging/sw":"https://www.gstatic.com/firebasejs/10.6.0/firebase-messaging/sw.js","database":"https://www.gstatic.com/firebasejs/10.6.0/firebase-database.js","firestore.memory":"https://www.gstatic.com/firebasejs/10.6.0/firebase-firestore.memory.js"}}
[info] +  Wrote public/index.html 
[info] 
[info] i  Didn't detect a .git folder. Assuming C:\Users\mo3tz\AndroidStudioProjects\Client is the project root. 
[info] i  Authorizing with GitHub to upload your service account to a GitHub repository's secrets store. 
[info] 
[info] Visit this URL on this device to log in:
[info] https://github.com/login/oauth/authorize?client_id=89cf50f02ac6aaed3484&state=598865659&redirect_uri=http%3A%2F%2Flocalhost%3A9005&scope=read%3Auser%20repo%20public_repo
[info] 
[info] Waiting for authentication...
[debug] [2023-11-14T15:26:31.596Z] >>> [apiv2][query] POST https://github.com/login/oauth/access_token [none]
[debug] [2023-11-14T15:26:31.596Z] >>> [apiv2][body] POST https://github.com/login/oauth/access_token [stream]
[debug] [2023-11-14T15:26:32.106Z] <<< [apiv2][status] POST https://github.com/login/oauth/access_token 200
[debug] [2023-11-14T15:26:32.107Z] <<< [apiv2][body] POST https://github.com/login/oauth/access_token {"access_token":"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","token_type":"bearer","scope":"read:user,repo"}
[debug] [2023-11-14T15:26:32.178Z] >>> [apiv2][query] GET https://api.github.com/user [none]
[debug] [2023-11-14T15:26:32.701Z] <<< [apiv2][status] GET https://api.github.com/user 200
[debug] [2023-11-14T15:26:32.701Z] <<< [apiv2][body] GET https://api.github.com/user {"login":"abdelrahmanMo3tazz","id":94083147,"node_id":"U_kgDOBZuYSw","avatar_url":"https://avatars.githubusercontent.com/u/94083147?v=4","gravatar_id":"","url":"https://api.github.com/users/abdelrahmanMo3tazz","html_url":"https://github.com/abdelrahmanMo3tazz","followers_url":"https://api.github.com/users/abdelrahmanMo3tazz/followers","following_url":"https://api.github.com/users/abdelrahmanMo3tazz/following{/other_user}","gists_url":"https://api.github.com/users/abdelrahmanMo3tazz/gists{/gist_id}","starred_url":"https://api.github.com/users/abdelrahmanMo3tazz/starred{/owner}{/repo}","subscriptions_url":"https://api.github.com/users/abdelrahmanMo3tazz/subscriptions","organizations_url":"https://api.github.com/users/abdelrahmanMo3tazz/orgs","repos_url":"https://api.github.com/users/abdelrahmanMo3tazz/repos","events_url":"https://api.github.com/users/abdelrahmanMo3tazz/events{/privacy}","received_events_url":"https://api.github.com/users/abdelrahmanMo3tazz/received_events","type":"User","site_admin":false,"name":null,"company":null,"blog":"","location":null,"email":null,"hireable":null,"bio":null,"twitter_username":null,"public_repos":2,"public_gists":0,"followers":0,"following":1,"created_at":"2021-11-10T22:19:38Z","updated_at":"2023-06-10T18:38:12Z","private_gists":0,"total_private_repos":2,"owned_private_repos":2,"disk_usage":91435,"collaborators":2,"two_factor_authentication":false,"plan":{"name":"free","space":976562499,"collaborators":0,"private_repos":10000}}
[info] 
[info] +  Success! Logged into GitHub as abdelrahmanMo3tazz 
[info] 
[debug] [2023-11-14T15:26:44.317Z] >>> [apiv2][query] GET https://api.github.com/repos//actions/secrets/public-key type=owner
[debug] [2023-11-14T15:26:44.776Z] <<< [apiv2][status] GET https://api.github.com/repos//actions/secrets/public-key 404
[debug] [2023-11-14T15:26:44.776Z] <<< [apiv2][body] GET https://api.github.com/repos//actions/secrets/public-key {"message":"Not Found","documentation_url":"https://docs.github.com/rest"}
[info] 
[info] 
[error] !  The provided authorization cannot be used with this repository. If this repository is in an organization, did you remember to grant access? 
[info] 
[info] i  Action required: Visit this URL to ensure access has been granted to the appropriate organization(s) for the Firebase CLI GitHub OAuth App: 
[info] https://github.com/settings/connections/applications/89cf50f02ac6aaed3484
[info] 
[debug] [2023-11-14T15:27:18.957Z] >>> [apiv2][query] GET https://api.github.com/repos//actions/secrets/public-key type=owner
[debug] [2023-11-14T15:27:19.404Z] <<< [apiv2][status] GET https://api.github.com/repos//actions/secrets/public-key 404
[debug] [2023-11-14T15:27:19.404Z] <<< [apiv2][body] GET https://api.github.com/repos//actions/secrets/public-key {"message":"Not Found","documentation_url":"https://docs.github.com/rest"}
[info] 
[info] 
[error] !  The provided authorization cannot be used with this repository. If this repository is in an organization, did you remember to grant access? 
[info] 
[info] i  Action required: Visit this URL to ensure access has been granted to the appropriate organization(s) for the Firebase CLI GitHub OAuth App: 
[info] https://github.com/settings/connections/applications/89cf50f02ac6aaed3484
[info] 
[debug] [2023-11-14T15:27:54.550Z] >>> [apiv2][query] GET https://api.github.com/repos//actions/secrets/public-key type=owner
[debug] [2023-11-14T15:27:54.965Z] <<< [apiv2][status] GET https://api.github.com/repos//actions/secrets/public-key 404
[debug] [2023-11-14T15:27:54.966Z] <<< [apiv2][body] GET https://api.github.com/repos//actions/secrets/public-key {"message":"Not Found","documentation_url":"https://docs.github.com/rest"}
[info] 
[info] 
[error] !  The provided authorization cannot be used with this repository. If this repository is in an organization, did you remember to grant access? 
[info] 
[info] i  Action required: Visit this URL to ensure access has been granted to the appropriate organization(s) for the Firebase CLI GitHub OAuth App: 
[info] https://github.com/settings/connections/applications/89cf50f02ac6aaed3484
[info] 
[debug] [2023-11-14T15:27:59.848Z] >>> [apiv2][query] GET https://api.github.com/repos/y/actions/secrets/public-key type=owner
[debug] [2023-11-14T15:28:00.067Z] <<< [apiv2][status] GET https://api.github.com/repos/y/actions/secrets/public-key 404
[debug] [2023-11-14T15:28:00.067Z] <<< [apiv2][body] GET https://api.github.com/repos/y/actions/secrets/public-key {"message":"Not Found","documentation_url":"https://docs.github.com/rest"}
[info] 
[info] 
[error] !  The provided authorization cannot be used with this repository. If this repository is in an organization, did you remember to grant access? 
[info] 
[info] i  Action required: Visit this URL to ensure access has been granted to the appropriate organization(s) for the Firebase CLI GitHub OAuth App: 
[info] https://github.com/settings/connections/applications/89cf50f02ac6aaed3484
[info] 
[debug] [2023-11-14T15:29:06.288Z] >>> [apiv2][query] GET https://api.github.com/repos//actions/secrets/public-key type=owner
[debug] [2023-11-14T15:29:06.792Z] <<< [apiv2][status] GET https://api.github.com/repos//actions/secrets/public-key 404
[debug] [2023-11-14T15:29:06.792Z] <<< [apiv2][body] GET https://api.github.com/repos//actions/secrets/public-key {"message":"Not Found","documentation_url":"https://docs.github.com/rest"}
[info] 
[info] 
[error] !  The provided authorization cannot be used with this repository. If this repository is in an organization, did you remember to grant access? 
[info] 
[info] i  Action required: Visit this URL to ensure access has been granted to the appropriate organization(s) for the Firebase CLI GitHub OAuth App: 
[info] https://github.com/settings/connections/applications/89cf50f02ac6aaed3484
[info] 
[debug] [2023-11-14T15:29:35.365Z] >>> [apiv2][query] GET https://api.github.com/repos//actions/secrets/public-key type=owner
[debug] [2023-11-14T15:29:35.783Z] <<< [apiv2][status] GET https://api.github.com/repos//actions/secrets/public-key 404
[debug] [2023-11-14T15:29:35.783Z] <<< [apiv2][body] GET https://api.github.com/repos//actions/secrets/public-key {"message":"Not Found","documentation_url":"https://docs.github.com/rest"}
[info] 
[info] 
[error] !  The provided authorization cannot be used with this repository. If this repository is in an organization, did you remember to grant access? 
[info] 
[info] i  Action required: Visit this URL to ensure access has been granted to the appropriate organization(s) for the Firebase CLI GitHub OAuth App: 
[info] https://github.com/settings/connections/applications/89cf50f02ac6aaed3484
[info] 
[debug] [2023-11-14T15:29:39.389Z] >>> [apiv2][query] GET https://api.github.com/repos/y/actions/secrets/public-key type=owner
[debug] [2023-11-14T15:29:39.662Z] <<< [apiv2][status] GET https://api.github.com/repos/y/actions/secrets/public-key 404
[debug] [2023-11-14T15:29:39.663Z] <<< [apiv2][body] GET https://api.github.com/repos/y/actions/secrets/public-key {"message":"Not Found","documentation_url":"https://docs.github.com/rest"}
[info] 
[info] 
[error] !  The provided authorization cannot be used with this repository. If this repository is in an organization, did you remember to grant access? 
[info] 
[info] i  Action required: Visit this URL to ensure access has been granted to the appropriate organization(s) for the Firebase CLI GitHub OAuth App: 
[info] https://github.com/settings/connections/applications/89cf50f02ac6aaed3484
[info] 
